--------------------------------------
YTDL4.1.py: 20210329-101409, Fatoni & Edgar Wasser - Der Beste (prod. Enaka).mp3,        url: https://youtube.com/watch?v=u5MuA9PlwSc&feature=share
YTDL4.1.py: 20210329-101447, Fatoni & Edgar Wasser - Der Beste (prod. Enaka).mp3,        url: https://youtube.com/watch?v=idbJPWyGr7k&feature=share

20210329-101828: PROCESS NORMAL FINISHED!  required process-time:0:05:16.694207
--------------------------------------
YTDL4.1.py: 20210329-102728, Mädness feat. Mine - Boot (prod. von Swoosh Hood).mp3,        url: https://youtube.com/watch?v=FFRYqHr5li0&feature=share

20210329-102735: PROCESS NORMAL FINISHED!  required process-time:0:00:52.730123
--------------------------------------

20210330-010109: PROCESS NORMAL FINISHED!  required process-time:0:00:04.259496
--------------------------------------

20210331-010106: PROCESS NORMAL FINISHED!  required process-time:0:00:03.524483
--------------------------------------

20210401-010106: PROCESS NORMAL FINISHED!  required process-time:0:00:03.426316
--------------------------------------

20210402-010107: PROCESS NORMAL FINISHED!  required process-time:0:00:03.540174
--------------------------------------

20210403-010107: PROCESS NORMAL FINISHED!  required process-time:0:00:03.966060
--------------------------------------

20210404-010106: PROCESS NORMAL FINISHED!  required process-time:0:00:03.348779
--------------------------------------

20210405-010106: PROCESS NORMAL FINISHED!  required process-time:0:00:03.231785
--------------------------------------

20210406-010107: PROCESS NORMAL FINISHED!  required process-time:0:00:03.570193
--------------------------------------

20210407-010107: PROCESS NORMAL FINISHED!  required process-time:0:00:03.904979
--------------------------------------

20210408-010107: PROCESS NORMAL FINISHED!  required process-time:0:00:04.052447
--------------------------------------
YTDL4.1.py: 20210409-010227, Donato feat. 2Seiten, ABS, Aphroe, Inferno.79, Lakmann, Terence Chill, Too Strong, DJ DSD - D.R.I.U..mp3,        url: https://youtube.com/watch?v=Vl7WYhvwDts&feature=share

20210409-010303: PROCESS NORMAL FINISHED!  required process-time:0:01:59.872078
--------------------------------------
YTDL4.1.py: 20210409-074947, Donato feat. 2Seiten, ABS, Aphroe, Inferno.79, Lakmann, Terence Chill, Too Strong, DJ DSD - D.R.I.U..mp3,        url: https://youtube.com/watch?v=Vl7WYhvwDts&feature=share

20210409-075005: PROCESS NORMAL FINISHED!  required process-time:0:01:34.995633
--------------------------------------
YTDL4.1.py: 20210409-080322, Donato feat. 2Seiten, ABS, Aphroe, Inferno.79, Lakmann, Terence Chill, Too Strong, DJ DSD - D.R.I.U..mp3,        url: https://youtube.com/watch?v=Vl7WYhvwDts&feature=share

20210409-080335: PROCESS NORMAL FINISHED!  required process-time:0:01:26.545121
--------------------------------------

20210410-010106: PROCESS NORMAL FINISHED!  required process-time:0:00:03.486922
--------------------------------------

20210411-011700: PROCESS NORMAL FINISHED!  required process-time:0:15:56.603449
--------------------------------------

20210411-081747: PROCESS NORMAL FINISHED!  required process-time:0:00:16.469452
--------------------------------------
YTDL4.1.py: 20210411-083654, Chinese Man - Racing With The Sun (Full Album).mp3,        url: https://youtu.be/2VRxiMg6nck

20210411-083824: PROCESS NORMAL FINISHED!  required process-time:0:12:04.739751
--------------------------------------

20210411-084831: PROCESS NORMAL FINISHED!  required process-time:0:00:03.250230
--------------------------------------

20210411-085205: PROCESS NORMAL FINISHED!  required process-time:0:01:26.973826
--------------------------------------

20210411-085448: PROCESS NORMAL FINISHED!  required process-time:0:00:15.573745
--------------------------------------
YTDL4.1.py: 20210411-091713, Brut.club  - The Architect en DJ set.mp3,        url: https://youtube.com/watch?v=Fgh9Sa4E--U&feature=share
YTDL4.1.py: 20210411-092956, L'ENTOURLOOP - Le Savoir Faire Full Album (Official video).mp3,        url: https://youtube.com/watch?v=XrCawmaP-Lk&feature=share
YTDL4.1.py: 20210411-094240, Gasoline - A Journey Into Abstract Hip-Hop [Full album].mp3,        url: https://youtube.com/watch?v=3q8nGnls1Ow&feature=share
YTDL4.1.py: 20210411-095502, Chinese Man - Racing With The Sun (Full Album).mp3,        url: https://youtube.com/watch?v=2VRxiMg6nck&feature=share
YTDL4.1.py: 20210411-095821, Chinese Man - Racing With The Sun (Full Album).mp3,        url: https://youtube.com/watch?v=A25Ah21bEK8&feature=share
YTDL4.1.py: 20210411-100043, Chinese Man - Racing With The Sun (Full Album).mp3,        url: https://youtube.com/watch?v=i82QaboIu8w&feature=share

20210411-100645: PROCESS NORMAL FINISHED!  required process-time:1:01:18.577896
--------------------------------------
YTDL4.1.py: 20210412-010948, Chinese Man - The Groove Sessions (Full Album).mp3,        url: https://youtube.com/watch?v=oz5pFJRecEc&feature=share
YTDL4.1.py: 20210412-012102, Chinese Man - The Groove Sessions (Full Album).mp3,        url: https://youtube.com/watch?v=Q6i-PrKj9CI&feature=share
YTDL4.1.py: 20210412-013032, Chinese Man - 10 Years Mix by High Ku.mp3,        url: https://youtube.com/watch?v=OrpsII_wWSw&feature=share
YTDL4.1.py: 20210412-014205, Chinese Man - 10 Years Mix by High Ku.mp3,        url: https://youtube.com/watch?v=-0rgtxLF-B0&feature=share
YTDL4.1.py: 20210412-015023, Chinese Man - 10 Years Mix by High Ku.mp3,        url: https://youtube.com/watch?v=P203UqDdvuI&feature=share
YTDL4.1.py: 20210412-015242, Chinese Man - 10 Years Mix by High Ku.mp3,        url: https://youtube.com/watch?v=uher_uQhP0s&feature=share
YTDL4.1.py: 20210412-021049, Chinese Man - 10 Years Mix by High Ku.mp3,        url: https://youtube.com/watch?v=ap9tdjqGhTM&feature=share
YTDL4.1.py: 20210412-021754, Chinese Man - 10 Years Mix by High Ku.mp3,        url: https://youtube.com/watch?v=PvKb97LW04A&feature=share
YTDL4.1.py: 20210412-023055, Chinese Man - The Groove Sessions vol.3 (Full Album).mp3,        url: https://youtube.com/watch?v=bKRbY9bgeQE&feature=share
YTDL4.1.py: 20210412-023904, Chinese Man - The Groove Sessions vol.3 (Full Album).mp3,        url: https://youtube.com/watch?v=kFRdoYfZYUY&feature=share
YTDL4.1.py: 20210412-024312, Chinese Man - The Groove Sessions vol.3 (Full Album).mp3,        url: https://youtube.com/watch?v=xdSxgqiVJYs&feature=share
YTDL4.1.py: 20210412-024647, Chinese Man present  - Rumble - U Can't Hide feat. Blackout Ja.mp3,        url: https://youtube.com/watch?v=t8H6uryk3pM&feature=share
YTDL4.1.py: 20210412-025746, G̲o̲rillaz - Demon Days (Full Album).mp3,        url: https://youtube.com/watch?v=NDvlD3E7DWg&feature=share
YTDL4.1.py: 20210412-031025, G̲o̲rillaz - Demon Days (Full Album).mp3,        url: https://youtube.com/watch?v=QYg_0GsaOD0&feature=share

20210412-032730: PROCESS NORMAL FINISHED!  required process-time:2:26:27.015098
--------------------------------------
YTDL4.1.py: 20210413-010207, A Tribe Called Red - Burn Your Village To The Ground (Neon Nativez Remix).mp3,        url: https://youtube.com/watch?v=GNi__fnadTM&feature=share

20210413-010229: PROCESS NORMAL FINISHED!  required process-time:0:01:25.577395
--------------------------------------

20210414-010107: PROCESS NORMAL FINISHED!  required process-time:0:00:04.182564
--------------------------------------

20210415-010106: PROCESS NORMAL FINISHED!  required process-time:0:00:03.638660
--------------------------------------

20210416-010108: PROCESS NORMAL FINISHED!  required process-time:0:00:03.609013
--------------------------------------

20210417-010107: PROCESS NORMAL FINISHED!  required process-time:0:00:04.033925
--------------------------------------

20210418-010107: PROCESS NORMAL FINISHED!  required process-time:0:00:04.050539
--------------------------------------

20210419-010107: PROCESS NORMAL FINISHED!  required process-time:0:00:03.476132
--------------------------------------

20210420-010107: PROCESS NORMAL FINISHED!  required process-time:0:00:03.840267
--------------------------------------

20210421-010107: PROCESS NORMAL FINISHED!  required process-time:0:00:03.408481
--------------------------------------

20210422-010107: PROCESS NORMAL FINISHED!  required process-time:0:00:03.618405
--------------------------------------

20210423-010107: PROCESS NORMAL FINISHED!  required process-time:0:00:03.736842
--------------------------------------

20210424-010107: PROCESS NORMAL FINISHED!  required process-time:0:00:03.493376
--------------------------------------

20210425-010107: PROCESS NORMAL FINISHED!  required process-time:0:00:03.699595
--------------------------------------
YTDL4.1.py: 20210426-010201, Danger Dan - Eine gute Nachricht (Antilopen Gang).mp3,        url: https://youtube.com/watch?v=kjIL4lysSRk&feature=share
YTDL4.1.py: 20210426-010234, Danger Dan – Filmriss.mp3,        url: https://youtube.com/watch?v=YCubV3lsmlM&feature=share
YTDL4.1.py: 20210426-010330, Danger Dan – Filmriss.mp3,        url: https://youtube.com/watch?v=vutU56nV9Pc&feature=share

20210426-010405: PROCESS NORMAL FINISHED!  required process-time:0:03:02.397786
--------------------------------------

20210426-132350: PROCESS NORMAL FINISHED!  required process-time:0:00:03.517790
--------------------------------------

20210426-132651: PROCESS NORMAL FINISHED!  required process-time:0:00:03.387780
--------------------------------------

20210426-132748: PROCESS NORMAL FINISHED!  required process-time:0:00:03.666603
--------------------------------------

20210426-132845: PROCESS NORMAL FINISHED!  required process-time:0:00:03.427545
--------------------------------------

20210426-153953: PROCESS NORMAL FINISHED!  required process-time:0:00:03.797523
--------------------------------------

20210426-155317: PROCESS NORMAL FINISHED!  required process-time:0:00:03.534547
--------------------------------------

20210426-161405: PROCESS NORMAL FINISHED!  required process-time:0:00:03.735108
--------------------------------------

20210426-161930: PROCESS NORMAL FINISHED!  required process-time:0:00:03.625290
--------------------------------------

20210426-163348: PROCESS NORMAL FINISHED!  required process-time:0:00:04.030720
--------------------------------------
